<?xml version="1.0" encoding="UTF-8"?>
<testng-results ignored="0" total="1" passed="1" failed="0" skipped="0">
  <reporter-output>
  </reporter-output>
  <suite started-at="2021-06-03T00:20:14 PDT" name="ProductionV1" finished-at="2021-06-03T00:20:21 PDT" duration-ms="6885">
    <groups>
    </groups>
    <test started-at="2021-06-03T00:20:14 PDT" name="Production Test" finished-at="2021-06-03T00:20:21 PDT" duration-ms="6885">
      <class name="com.Practice2.testcases.Baseclass">
        <test-method signature="forUrl()[pri:0, instance:com.Practice2.testcases.Baseclass@3b8f0a79]" started-at="2021-06-03T00:20:14 PDT" name="forUrl" finished-at="2021-06-03T00:20:21 PDT" duration-ms="6844" status="PASS">
          <reporter-output>
          </reporter-output>
        </test-method> <!-- forUrl -->
      </class> <!-- com.Practice2.testcases.Baseclass -->
    </test> <!-- Production Test -->
  </suite> <!-- ProductionV1 -->
</testng-results>
